-------------------------------------------------------------------------------
Test set: com.jsonplaceholder.PostsRunner
-------------------------------------------------------------------------------
Tests run: 7, Failures: 0, Errors: 1, Skipped: 2, Time elapsed: 6.341 s <<< FAILURE! - in com.jsonplaceholder.PostsRunner
The endpoint /posts returns 500 internal server error status when HTTP POST method is used with the payload size greater than 10MB(Resource /post should be renamed to /posts)  Time elapsed: 0.074 s  <<< ERROR!
java.lang.NullPointerException

