<?xml version="1.0" encoding="UTF-8"?><testsuite errors="0" failures="0" name="Resource /post should be renamed to /posts" skipped="0" tests="5" time="12.28" timestamp="2020-02-08 09:55:05"><testcase name="Posts endpoint accepts HTTP GET and provide all the available posts with status code as 200"/><testcase name="Post end point returns 404 status when GET method is used"/><testcase name="The endpoint /posts with specific ID returns the post with same ID when GET method is used"/><testcase name="The endpoint /posts with ID greater than 100 will give 404 error"/><testcase name="The endpoint /posts returns 500 internal server error status when HTTP POST method is used with the payload size greater than 10MB"/></testsuite>