<?xml version="1.0" encoding="UTF-8"?><testsuite errors="1" failures="0" name="Resource /post should be renamed to /posts" skipped="2" tests="7" time="5.49" timestamp="2020-02-07 06:19:01"><testcase name="Posts endpoint accepts HTTP GET and provide all the available posts with status code as 200"/><testcase name="Post end point returns 404 status when GET method is used"/><testcase name="The endpoint /posts with specific ID returns the post with same ID when GET method is used"><skipped/></testcase><testcase name="The endpoint /posts with ID greater than 100 will give 404 error"/><testcase name="The endpoint /posts returns 500 internal server error status when HTTP POST method is used with the payload size greater than 10MB"><error type="java.lang.NullPointerException"/><system-err>null&#13;
com.jsonplaceholder.steps.PostsSteps.it_returns_status_code(PostsSteps.java:23)&#13;
✽.It returns status code "500"(src/test/resources/features/JsonPlaceHolder.feature:30)&#13;
</system-err></testcase></testsuite>